# JRE version: Java(TM) SE Runtime Environment (8.0_45-b15) (build 1.8.0_45-b15)
# Java VM: Java HotSpot(TM) 64-Bit Server VM (25.45-b02 mixed mode windows-amd64 compressed oops)
Heap:
 PSYoungGen      total 75776K, used 12769K [0x000000076b600000, 0x0000000770a80000, 0x00000007c0000000)
  eden space 65024K, 19% used [0x000000076b600000,0x000000076c278638,0x000000076f580000)
  from space 10752K, 0% used [0x000000076f580000,0x000000076f580000,0x0000000770000000)
  to   space 10752K, 0% used [0x0000000770000000,0x0000000770000000,0x0000000770a80000)
 ParOldGen       total 75776K, used 9535K [0x00000006c2200000, 0x00000006c6c00000, 0x000000076b600000)
  object space 75776K, 12% used [0x00000006c2200000,0x00000006c2b4fd68,0x00000006c6c00000)
 Metaspace       used 21824K, capacity 22994K, committed 23088K, reserved 1069056K
  class space    used 3021K, capacity 3287K, committed 3376K, reserved 1048576K
GC Heap History (4 events):
Event: 11.140 GC heap before
{Heap before GC invocations=1 (full 0):
 PSYoungGen      total 75776K, used 53013K [0x000000076b600000, 0x0000000770a80000, 0x00000007c0000000)
  eden space 65024K, 81% used [0x000000076b600000,0x000000076e9c5750,0x000000076f580000)
  from space 10752K, 0% used [0x0000000770000000,0x0000000770000000,0x0000000770a80000)
  to   space 10752K, 0% used [0x000000076f580000,0x000000076f580000,0x0000000770000000)
 ParOldGen       total 173568K, used 0K [0x00000006c2200000, 0x00000006ccb80000, 0x000000076b600000)
  object space 173568K, 0% used [0x00000006c2200000,0x00000006c2200000,0x00000006ccb80000)
 Metaspace       used 20151K, capacity 21274K, committed 21296K, reserved 1067008K
  class space    used 2844K, capacity 3113K, committed 3120K, reserved 1048576K
Event: 11.148 GC heap after
Heap after GC invocations=1 (full 0):
 PSYoungGen      total 75776K, used 10750K [0x000000076b600000, 0x0000000770a80000, 0x00000007c0000000)
  eden space 65024K, 0% used [0x000000076b600000,0x000000076b600000,0x000000076f580000)
  from space 10752K, 99% used [0x000000076f580000,0x000000076ffff920,0x0000000770000000)
  to   space 10752K, 0% used [0x0000000770000000,0x0000000770000000,0x0000000770a80000)
 ParOldGen       total 173568K, used 974K [0x00000006c2200000, 0x00000006ccb80000, 0x000000076b600000)
  object space 173568K, 0% used [0x00000006c2200000,0x00000006c22f3950,0x00000006ccb80000)
 Metaspace       used 20151K, capacity 21274K, committed 21296K, reserved 1067008K
  class space    used 2844K, capacity 3113K, committed 3120K, reserved 1048576K
}
Event: 11.148 GC heap before
{Heap before GC invocations=2 (full 1):
 PSYoungGen      total 75776K, used 10750K [0x000000076b600000, 0x0000000770a80000, 0x00000007c0000000)
  eden space 65024K, 0% used [0x000000076b600000,0x000000076b600000,0x000000076f580000)
  from space 10752K, 99% used [0x000000076f580000,0x000000076ffff920,0x0000000770000000)
  to   space 10752K, 0% used [0x0000000770000000,0x0000000770000000,0x0000000770a80000)
 ParOldGen       total 173568K, used 974K [0x00000006c2200000, 0x00000006ccb80000, 0x000000076b600000)
  object space 173568K, 0% used [0x00000006c2200000,0x00000006c22f3950,0x00000006ccb80000)
 Metaspace       used 20151K, capacity 21274K, committed 21296K, reserved 1067008K
  class space    used 2844K, capacity 3113K, committed 3120K, reserved 1048576K
Event: 11.174 GC heap after
Heap after GC invocations=2 (full 1):
 PSYoungGen      total 75776K, used 0K [0x000000076b600000, 0x0000000770a80000, 0x00000007c0000000)
  eden space 65024K, 0% used [0x000000076b600000,0x000000076b600000,0x000000076f580000)
  from space 10752K, 0% used [0x000000076f580000,0x000000076f580000,0x0000000770000000)
  to   space 10752K, 0% used [0x0000000770000000,0x0000000770000000,0x0000000770a80000)
 ParOldGen       total 75776K, used 9535K [0x00000006c2200000, 0x00000006c6c00000, 0x000000076b600000)
  object space 75776K, 12% used [0x00000006c2200000,0x00000006c2b4fd68,0x00000006c6c00000)
 Metaspace       used 20151K, capacity 21274K, committed 21296K, reserved 1067008K
  class space    used 2844K, capacity 3113K, committed 3120K, reserved 1048576K
}

